#
# A fatal error has been detected by the Java Runtime Environment:
#
#  SIGSEGV (0xb) at pc=0x000000010e032c30, pid=4151, tid=18691
#
# JRE version: Java(TM) SE Runtime Environment (8.0_51-b16) (build 1.8.0_51-b16)
# Java VM: Java HotSpot(TM) 64-Bit Server VM (25.51-b03 mixed mode bsd-amd64 compressed oops)
# Problematic frame:
# V  [libjvm.dylib+0x432c30]
#
# Failed to write core dump. Core dumps have been disabled. To enable core dumping, try "ulimit -c unlimited" before starting Java again
#
# If you would like to submit a bug report, please visit:
#   http://bugreport.java.com/bugreport/crash.jsp
#

---------------  T H R E A D  ---------------

Current thread (0x00007f9627002000):  JavaThread "JDWP Transport Listener: dt_socket" daemon [_thread_in_vm, id=18691, stack(0x000000012c2c7000,0x000000012c3c7000)]

siginfo: si_signo: 11 (SIGSEGV), si_code: 1 (SEGV_MAPERR), si_addr: 0x000000b80000002d

Registers:
RAX=0x0000000000000001, RBX=0x000000012c3c6a8b, RCX=0x000000010e3fa190, RDX=0x000000012c3c6a8b
RSP=0x000000012c3c69d0, RBP=0x000000012c3c69e0, RSI=0x00007f9627002000, RDI=0x000000b80000002d
R8 =0x0000000000000000, R9 =0x00007f9623400000, R10=0x0000000000000010, R11=0x00007f9623400000
R12=0x00007f9627002000, R13=0x000000b80000002d, R14=0x000000b80000002d, R15=0x00007f962370da20
RIP=0x000000010e032c30, EFLAGS=0x0000000000010206, ERR=0x0000000000000004
  TRAPNO=0x000000000000000e

Top of Stack: (sp=0x000000012c3c69d0)
0x000000012c3c69d0:   000000012c3c6a8b 000000012c3c6a8b
0x000000012c3c69e0:   000000012c3c6a40 000000010df42f8e
0x000000012c3c69f0:   00007f9627002000 0000000000000000
0x000000012c3c6a00:   0000000000000000 0000000000000000
0x000000012c3c6a10:   00007f9627002000 00007f9627002000
0x000000012c3c6a20:   000000012c3c6a8b 000000012c3c6a90
0x000000012c3c6a30:   000000b80000002d 0000000000000004
0x000000012c3c6a40:   000000012c3c6a60 000000010ec8c780
0x000000012c3c6a50:   0000000000000001 000000012c3c6b08
0x000000012c3c6a60:   000000012c3c6ad0 000000010ec711f3
0x000000012c3c6a70:   000000012c3c6aa0 00007f962341ace0
0x000000012c3c6a80:   0000000700000032 0000000a003c6b08
0x000000012c3c6a90:   0000000000000000 0000000000000000
0x000000012c3c6aa0:   0000000000000000 000000012c3c6c90
0x000000012c3c6ab0:   000000010ec93e7a 00007f962341a820
0x000000012c3c6ac0:   000000012c3c6b08 000000010ec9f598
0x000000012c3c6ad0:   000000012c3c6ae0 000000010ec712ec
0x000000012c3c6ae0:   000000012c3c6d00 000000010ec7a898
0x000000012c3c6af0:   00005cc700000013 00000000000f0200
0x000000012c3c6b00:   00007f962341a430 000000012c3c6c4b
0x000000012c3c6b10:   00007f9600000039 000000012c3c6b20
0x000000012c3c6b20:   00007f96000000f3 000000012c3c6b58
0x000000012c3c6b30:   0000000000000000 00007f0000000000
0x000000012c3c6b40:   00005cc700000030 00007fff00006780
0x000000012c3c6b50:   000000012c3c6b58 967f000007000000
0x000000012c3c6b60:   06000000b0944123 00003e74696e693c
0x000000012c3c6b70:   0000005629280300 7f00000100000000
0x000000012c3c6b80:   000000e894412396 746361727478650a
0x000000012c3c6b90:   283c0000006e694d 6e692f6d6f634c5b
0x000000012c3c6ba0:   7377656976726574 656c45706165482f
0x000000012c3c6bb0:   4c29493b746e656d 65746e692f6d6f63
0x000000012c3c6bc0:   482f737765697672 656d656c45706165 

Instructions: (pc=0x000000010e032c30)
0x000000010e032c10:   40 48 48 85 c0 75 e0 30 c0 0f b6 c0 5d c3 31 c0
0x000000010e032c20:   5d c3 55 48 89 e5 53 48 83 ec 08 48 85 ff 74 24
0x000000010e032c30:   48 8b 1f 48 85 db 74 1c 48 83 fb 37 74 16 48 8b
0x000000010e032c40:   03 48 89 df ff 50 10 84 c0 b8 00 00 00 00 48 0f 

Register to memory mapping:

RAX=0x0000000000000001 is an unknown value
RBX=0x000000012c3c6a8b is pointing into the stack for thread: 0x00007f9627002000
RCX=0x000000010e3fa190: UseMembar+0 in /Library/Java/JavaVirtualMachines/jdk1.8.0_51.jdk/Contents/Home/jre/lib/server/libjvm.dylib at 0x000000010dc00000
RDX=0x000000012c3c6a8b is pointing into the stack for thread: 0x00007f9627002000
RSP=0x000000012c3c69d0 is pointing into the stack for thread: 0x00007f9627002000
RBP=0x000000012c3c69e0 is pointing into the stack for thread: 0x00007f9627002000
RSI=0x00007f9627002000 is a thread
RDI=0x000000b80000002d is an unknown value
R8 =0x0000000000000000 is an unknown value
R9 =0x00007f9623400000 is an unknown value
R10=0x0000000000000010 is an unknown value
R11=0x00007f9623400000 is an unknown value
R12=0x00007f9627002000 is a thread
R13=0x000000b80000002d is an unknown value
R14=0x000000b80000002d is an unknown value
R15=0x00007f962370da20 is an unknown value


Stack: [0x000000012c2c7000,0x000000012c3c7000],  sp=0x000000012c3c69d0,  free space=1022k
Native frames: (J=compiled Java code, j=interpreted, Vv=VM code, C=native code)
V  [libjvm.dylib+0x432c30]
V  [libjvm.dylib+0x342f8e]
C  [libjdwp.dylib+0x20780]  isMethodSynthetic+0x63
C  [libjdwp.dylib+0x51f3]  methods1+0x10b
C  [libjdwp.dylib+0x52ec]  methodsWithGeneric+0xe
C  [libjdwp.dylib+0xe898]  debugLoop_run+0x1ce
C  [libjdwp.dylib+0x1f6ba]  attachThread+0x4d
V  [libjvm.dylib+0x383f3c]
V  [libjvm.dylib+0x549a6f]
V  [libjvm.dylib+0x54b160]
V  [libjvm.dylib+0x46e99e]
C  [libsystem_pthread.dylib+0x405a]  _pthread_body+0x83
C  [libsystem_pthread.dylib+0x3fd7]  _pthread_body+0x0
C  [libsystem_pthread.dylib+0x13ed]  thread_start+0xd
C  0x0000000000000000


---------------  P R O C E S S  ---------------

Java Threads: ( => current thread )
  0x00007f9626003000 JavaThread "Service Thread" daemon [_thread_blocked, id=22275, stack(0x000000012c9dc000,0x000000012cadc000)]
  0x00007f9624018800 JavaThread "C1 CompilerThread3" daemon [_thread_blocked, id=21763, stack(0x000000012c8d9000,0x000000012c9d9000)]
  0x00007f9624018000 JavaThread "C2 CompilerThread2" daemon [_thread_blocked, id=21251, stack(0x000000012c7d6000,0x000000012c8d6000)]
  0x00007f9624017000 JavaThread "C2 CompilerThread1" daemon [_thread_blocked, id=20739, stack(0x000000012c6d3000,0x000000012c7d3000)]
  0x00007f962480f800 JavaThread "C2 CompilerThread0" daemon [_thread_blocked, id=20227, stack(0x000000012c5d0000,0x000000012c6d0000)]
  0x00007f9626801000 JavaThread "JDWP Command Reader" daemon [_thread_in_native, id=19715, stack(0x000000012c4cd000,0x000000012c5cd000)]
  0x00007f962400d000 JavaThread "JDWP Event Helper Thread" daemon [_thread_blocked, id=19203, stack(0x000000012c3ca000,0x000000012c4ca000)]
=>0x00007f9627002000 JavaThread "JDWP Transport Listener: dt_socket" daemon [_thread_in_vm, id=18691, stack(0x000000012c2c7000,0x000000012c3c7000)]
  0x00007f962582e800 JavaThread "Signal Dispatcher" daemon [_thread_blocked, id=15379, stack(0x000000012c1bd000,0x000000012c2bd000)]
  0x00007f9625829800 JavaThread "Finalizer" daemon [_thread_blocked, id=13571, stack(0x000000012a79d000,0x000000012a89d000)]
  0x00007f962383c000 JavaThread "Reference Handler" daemon [_thread_blocked, id=13059, stack(0x000000012a69a000,0x000000012a79a000)]
  0x00007f9625803000 JavaThread "main" [_thread_blocked, id=4867, stack(0x000000010eb6a000,0x000000010ec6a000)]

Other Threads:
  0x00007f962480f000 VMThread [stack: 0x000000012a597000,0x000000012a697000] [id=12547]
  0x00007f9626001000 WatcherThread [stack: 0x000000012cadf000,0x000000012cbdf000] [id=22787]

VM state:not at safepoint (normal execution)

VM Mutex/Monitor currently owned by a thread: None

Heap:
 PSYoungGen      total 76288K, used 5243K [0x000000076ab00000, 0x0000000770000000, 0x00000007c0000000)
  eden space 65536K, 8% used [0x000000076ab00000,0x000000076b01ec70,0x000000076eb00000)
  from space 10752K, 0% used [0x000000076f580000,0x000000076f580000,0x0000000770000000)
  to   space 10752K, 0% used [0x000000076eb00000,0x000000076eb00000,0x000000076f580000)
 ParOldGen       total 175104K, used 0K [0x00000006c0000000, 0x00000006cab00000, 0x000000076ab00000)
  object space 175104K, 0% used [0x00000006c0000000,0x00000006c0000000,0x00000006cab00000)
 Metaspace       used 2934K, capacity 4664K, committed 4864K, reserved 1056768K
  class space    used 318K, capacity 424K, committed 512K, reserved 1048576K

Card table byte_map: [0x000000011e088000,0x000000011e889000] byte_map_base: 0x000000011aa88000

Marking Bits: (ParMarkBitMap*) 0x000000010e4c27a0
 Begin Bits: [0x000000011f5f7000, 0x00000001235f7000)
 End Bits:   [0x00000001235f7000, 0x00000001275f7000)

Polling page: 0x000000010cbf8000

CodeCache: size=245760Kb used=1172Kb max_used=1172Kb free=244587Kb
 bounds [0x000000010ecc8000, 0x000000010ef38000, 0x000000011dcc8000]
 total_blobs=294 nmethods=61 adapters=155
 compilation: enabled

Compilation events (10 events):
Event: 0.122 Thread 0x00007f9624018800   57       3       java.lang.String::hashCode (55 bytes)
Event: 0.122 Thread 0x00007f9624018800 nmethod 57 0x000000010edea910 code [0x000000010edeaa80, 0x000000010edead10]
Event: 0.122 Thread 0x00007f9624018800   56       3       java.lang.String::startsWith (7 bytes)
Event: 0.122 Thread 0x00007f9624018800 nmethod 56 0x000000010edea4d0 code [0x000000010edea640, 0x000000010edea868]
Event: 0.122 Thread 0x00007f9624018800   58       3       java.lang.AbstractStringBuilder::<init> (12 bytes)
Event: 0.122 Thread 0x00007f9624018800 nmethod 58 0x000000010edea050 code [0x000000010edea1c0, 0x000000010edea410]
Event: 0.123 Thread 0x00007f9624018800   59       3       java.nio.charset.CharsetEncoder::maxBytesPerChar (5 bytes)
Event: 0.123 Thread 0x00007f9624018800 nmethod 59 0x000000010ede97d0 code [0x000000010ede9920, 0x000000010ede9a70]
Event: 0.124 Thread 0x00007f9624018800   61       3       java.util.HashMap::getNode (148 bytes)
Event: 0.125 Thread 0x00007f9624018800 nmethod 61 0x000000010edec7d0 code [0x000000010edec9a0, 0x000000010eded368]

GC Heap History (0 events):
No events

Deoptimization events (2 events):
Event: 0.116 Thread 0x00007f9625803000 Uncommon trap: reason=unstable_if action=reinterpret pc=0x000000010edec68c method=java.lang.String.hashCode()I @ 14
Event: 1.638 Thread 0x00007f9625803000 Uncommon trap: reason=unstable_if action=reinterpret pc=0x000000010edd7ca8 method=java.lang.String.charAt(I)C @ 10

Internal exceptions (2 events):
Event: 0.036 Thread 0x00007f9625803000 Exception <a 'java/lang/NoSuchMethodError': Method sun.misc.Unsafe.defineClass(Ljava/lang/String;[BII)Ljava/lang/Class; name or signature does not match> (0x000000076ab12db0) thrown at [/Users/java_re/workspace/8-2-build-macosx-x86_64/jdk8u51/3951/hotspot
Event: 0.036 Thread 0x00007f9625803000 Exception <a 'java/lang/NoSuchMethodError': Method sun.misc.Unsafe.prefetchRead(Ljava/lang/Object;J)V name or signature does not match> (0x000000076ab13040) thrown at [/Users/java_re/workspace/8-2-build-macosx-x86_64/jdk8u51/3951/hotspot/src/share/vm/prim

Events (10 events):
Event: 548.600 Executing VM operation: ChangeBreakpoints
Event: 548.600 Executing VM operation: ChangeBreakpoints done
Event: 548.602 Executing VM operation: RedefineClasses
Event: 548.602 Executing VM operation: RedefineClasses done
Event: 548.758 Executing VM operation: ChangeBreakpoints
Event: 548.758 Executing VM operation: ChangeBreakpoints done
Event: 579.145 Executing VM operation: ChangeBreakpoints
Event: 579.146 Executing VM operation: ChangeBreakpoints done
Event: 609.700 Executing VM operation: RedefineClasses
Event: 609.701 Executing VM operation: RedefineClasses done


Dynamic libraries:
0x000000000bb33000 	/System/Library/Frameworks/Cocoa.framework/Versions/A/Cocoa
0x000000000bb33000 	/System/Library/Frameworks/Security.framework/Versions/A/Security
0x000000000bb33000 	/System/Library/Frameworks/ApplicationServices.framework/Versions/A/ApplicationServices
0x000000000bb33000 	/usr/lib/libz.1.dylib
0x000000000bb33000 	/usr/lib/libSystem.B.dylib
0x000000000bb33000 	/usr/lib/libobjc.A.dylib
0x000000000bb33000 	/System/Library/Frameworks/CoreFoundation.framework/Versions/A/CoreFoundation
0x000000000bb33000 	/System/Library/Frameworks/Foundation.framework/Versions/C/Foundation
0x000000000bb33000 	/System/Library/Frameworks/AppKit.framework/Versions/C/AppKit
0x000000000bb33000 	/System/Library/Frameworks/CoreData.framework/Versions/A/CoreData
0x000000000bb33000 	/System/Library/PrivateFrameworks/RemoteViewServices.framework/Versions/A/RemoteViewServices
0x000000000bb33000 	/System/Library/PrivateFrameworks/UIFoundation.framework/Versions/A/UIFoundation
0x000000000bb33000 	/System/Library/Frameworks/IOSurface.framework/Versions/A/IOSurface
0x000000000bb33000 	/System/Library/Frameworks/AudioToolbox.framework/Versions/A/AudioToolbox
0x000000000bb33000 	/System/Library/Frameworks/AudioUnit.framework/Versions/A/AudioUnit
0x000000000bb33000 	/System/Library/PrivateFrameworks/DataDetectorsCore.framework/Versions/A/DataDetectorsCore
0x000000000bb33000 	/System/Library/PrivateFrameworks/DesktopServicesPriv.framework/Versions/A/DesktopServicesPriv
0x000000000bb33000 	/System/Library/Frameworks/Carbon.framework/Versions/A/Frameworks/HIToolbox.framework/Versions/A/HIToolbox
0x000000000bb33000 	/System/Library/Frameworks/QuartzCore.framework/Versions/A/QuartzCore
0x000000000bb33000 	/System/Library/Frameworks/Carbon.framework/Versions/A/Frameworks/SpeechRecognition.framework/Versions/A/SpeechRecognition
0x000000000bb33000 	/usr/lib/libauto.dylib
0x000000000bb33000 	/usr/lib/libicucore.A.dylib
0x000000000bb33000 	/usr/lib/libxml2.2.dylib
0x000000000bb33000 	/System/Library/PrivateFrameworks/CoreUI.framework/Versions/A/CoreUI
0x000000000bb33000 	/System/Library/Frameworks/CoreAudio.framework/Versions/A/CoreAudio
0x000000000bb33000 	/System/Library/Frameworks/DiskArbitration.framework/Versions/A/DiskArbitration
0x000000000bb33000 	/usr/lib/liblangid.dylib
0x000000000bb33000 	/System/Library/PrivateFrameworks/MultitouchSupport.framework/Versions/A/MultitouchSupport
0x000000000bb33000 	/System/Library/Frameworks/IOKit.framework/Versions/A/IOKit
0x000000000bb33000 	/usr/lib/libDiagnosticMessagesClient.dylib
0x000000000bb33000 	/System/Library/Frameworks/CoreServices.framework/Versions/A/CoreServices
0x000000000bb33000 	/System/Library/PrivateFrameworks/PerformanceAnalysis.framework/Versions/A/PerformanceAnalysis
0x000000000bb33000 	/System/Library/PrivateFrameworks/GenerationalStorage.framework/Versions/A/GenerationalStorage
0x000000000bb33000 	/System/Library/Frameworks/OpenGL.framework/Versions/A/OpenGL
0x000000000bb33000 	/System/Library/PrivateFrameworks/Sharing.framework/Versions/A/Sharing
0x000000000bb33000 	/System/Library/Frameworks/CoreGraphics.framework/Versions/A/CoreGraphics
0x000000000bb33000 	/System/Library/Frameworks/CoreText.framework/Versions/A/CoreText
0x000000000bb33000 	/System/Library/Frameworks/ImageIO.framework/Versions/A/ImageIO
0x000000000bb33000 	/usr/lib/libextension.dylib
0x000000000bb33000 	/System/Library/PrivateFrameworks/Backup.framework/Versions/A/Backup
0x000000000bb33000 	/usr/lib/libarchive.2.dylib
0x000000000bb33000 	/System/Library/Frameworks/CFNetwork.framework/Versions/A/CFNetwork
0x000000000bb33000 	/System/Library/Frameworks/SystemConfiguration.framework/Versions/A/SystemConfiguration
0x000000000bb33000 	/usr/lib/libCRFSuite.dylib
0x000000000bb33000 	/usr/lib/libc++.1.dylib
0x000000000bb33000 	/usr/lib/libc++abi.dylib
0x000000000bb33000 	/usr/lib/system/libcache.dylib
0x000000000bb33000 	/usr/lib/system/libcommonCrypto.dylib
0x000000000bb33000 	/usr/lib/system/libcompiler_rt.dylib
0x000000000bb33000 	/usr/lib/system/libcopyfile.dylib
0x000000000bb33000 	/usr/lib/system/libcorecrypto.dylib
0x000000000bb33000 	/usr/lib/system/libdispatch.dylib
0x000000000bb33000 	/usr/lib/system/libdyld.dylib
0x000000000bb33000 	/usr/lib/system/libkeymgr.dylib
0x000000000bb33000 	/usr/lib/system/liblaunch.dylib
0x000000000bb33000 	/usr/lib/system/libmacho.dylib
0x000000000bb33000 	/usr/lib/system/libquarantine.dylib
0x000000000bb33000 	/usr/lib/system/libremovefile.dylib
0x000000000bb33000 	/usr/lib/system/libsystem_asl.dylib
0x000000000bb33000 	/usr/lib/system/libsystem_blocks.dylib
0x000000000bb33000 	/usr/lib/system/libsystem_c.dylib
0x000000000bb33000 	/usr/lib/system/libsystem_configuration.dylib
0x000000000bb33000 	/usr/lib/system/libsystem_coreservices.dylib
0x000000000bb33000 	/usr/lib/system/libsystem_coretls.dylib
0x000000000bb33000 	/usr/lib/system/libsystem_dnssd.dylib
0x000000000bb33000 	/usr/lib/system/libsystem_info.dylib
0x000000000bb33000 	/usr/lib/system/libsystem_kernel.dylib
0x000000000bb33000 	/usr/lib/system/libsystem_m.dylib
0x000000000bb33000 	/usr/lib/system/libsystem_malloc.dylib
0x000000000bb33000 	/usr/lib/system/libsystem_network.dylib
0x000000000bb33000 	/usr/lib/system/libsystem_networkextension.dylib
0x000000000bb33000 	/usr/lib/system/libsystem_notify.dylib
0x000000000bb33000 	/usr/lib/system/libsystem_platform.dylib
0x000000000bb33000 	/usr/lib/system/libsystem_pthread.dylib
0x000000000bb33000 	/usr/lib/system/libsystem_sandbox.dylib
0x000000000bb33000 	/usr/lib/system/libsystem_secinit.dylib
0x000000000bb33000 	/usr/lib/system/libsystem_stats.dylib
0x000000000bb33000 	/usr/lib/system/libsystem_trace.dylib
0x000000000bb33000 	/usr/lib/system/libunc.dylib
0x000000000bb33000 	/usr/lib/system/libunwind.dylib
0x000000000bb33000 	/usr/lib/system/libxpc.dylib
0x000000000bb33000 	/usr/lib/libbz2.1.0.dylib
0x000000000bb33000 	/usr/lib/liblzma.5.dylib
0x000000000bb33000 	/usr/lib/libbsm.0.dylib
0x000000000bb33000 	/usr/lib/libsqlite3.dylib
0x000000000bb33000 	/usr/lib/system/libkxld.dylib
0x000000000bb33000 	/usr/lib/libxar.1.dylib
0x000000000bb33000 	/usr/lib/libpam.2.dylib
0x000000000bb33000 	/usr/lib/libOpenScriptingUtil.dylib
0x000000000bb33000 	/System/Library/Frameworks/CoreServices.framework/Versions/A/Frameworks/FSEvents.framework/Versions/A/FSEvents
0x000000000bb33000 	/System/Library/Frameworks/CoreServices.framework/Versions/A/Frameworks/CarbonCore.framework/Versions/A/CarbonCore
0x000000000bb33000 	/System/Library/Frameworks/CoreServices.framework/Versions/A/Frameworks/Metadata.framework/Versions/A/Metadata
0x000000000bb33000 	/System/Library/Frameworks/CoreServices.framework/Versions/A/Frameworks/OSServices.framework/Versions/A/OSServices
0x000000000bb33000 	/System/Library/Frameworks/CoreServices.framework/Versions/A/Frameworks/SearchKit.framework/Versions/A/SearchKit
0x000000000bb33000 	/System/Library/Frameworks/CoreServices.framework/Versions/A/Frameworks/AE.framework/Versions/A/AE
0x000000000bb33000 	/System/Library/Frameworks/CoreServices.framework/Versions/A/Frameworks/LaunchServices.framework/Versions/A/LaunchServices
0x000000000bb33000 	/System/Library/Frameworks/CoreServices.framework/Versions/A/Frameworks/DictionaryServices.framework/Versions/A/DictionaryServices
0x000000000bb33000 	/System/Library/Frameworks/NetFS.framework/Versions/A/NetFS
0x000000000bb33000 	/System/Library/PrivateFrameworks/NetAuth.framework/Versions/A/NetAuth
0x000000000bb33000 	/System/Library/PrivateFrameworks/login.framework/Versions/A/Frameworks/loginsupport.framework/Versions/A/loginsupport
0x000000000bb33000 	/System/Library/PrivateFrameworks/TCC.framework/Versions/A/TCC
0x000000000bb33000 	/usr/lib/libmecabra.dylib
0x000000000bb33000 	/System/Library/Frameworks/ApplicationServices.framework/Versions/A/Frameworks/ATS.framework/Versions/A/ATS
0x000000000bb33000 	/System/Library/Frameworks/ApplicationServices.framework/Versions/A/Frameworks/ColorSync.framework/Versions/A/ColorSync
0x000000000bb33000 	/System/Library/Frameworks/ApplicationServices.framework/Versions/A/Frameworks/HIServices.framework/Versions/A/HIServices
0x000000000bb33000 	/System/Library/Frameworks/ApplicationServices.framework/Versions/A/Frameworks/LangAnalysis.framework/Versions/A/LangAnalysis
0x000000000bb33000 	/System/Library/Frameworks/ApplicationServices.framework/Versions/A/Frameworks/PrintCore.framework/Versions/A/PrintCore
0x000000000bb33000 	/System/Library/Frameworks/ApplicationServices.framework/Versions/A/Frameworks/QD.framework/Versions/A/QD
0x000000000bb33000 	/System/Library/Frameworks/ApplicationServices.framework/Versions/A/Frameworks/SpeechSynthesis.framework/Versions/A/SpeechSynthesis
0x000000000bb33000 	/System/Library/Frameworks/Accelerate.framework/Versions/A/Accelerate
0x000000000bb33000 	/System/Library/Frameworks/Accelerate.framework/Versions/A/Frameworks/vImage.framework/Versions/A/vImage
0x000000000bb33000 	/System/Library/Frameworks/Accelerate.framework/Versions/A/Frameworks/vecLib.framework/Versions/A/vecLib
0x000000000bb33000 	/System/Library/Frameworks/Accelerate.framework/Versions/A/Frameworks/vecLib.framework/Versions/A/libvDSP.dylib
0x000000000bb33000 	/System/Library/Frameworks/Accelerate.framework/Versions/A/Frameworks/vecLib.framework/Versions/A/libvMisc.dylib
0x000000000bb33000 	/System/Library/Frameworks/Accelerate.framework/Versions/A/Frameworks/vecLib.framework/Versions/A/libLAPACK.dylib
0x000000000bb33000 	/System/Library/Frameworks/Accelerate.framework/Versions/A/Frameworks/vecLib.framework/Versions/A/libBLAS.dylib
0x000000000bb33000 	/System/Library/Frameworks/Accelerate.framework/Versions/A/Frameworks/vecLib.framework/Versions/A/libLinearAlgebra.dylib
0x000000000bb33000 	/System/Library/Frameworks/ApplicationServices.framework/Versions/A/Frameworks/ATS.framework/Versions/A/Resources/libFontParser.dylib
0x000000000bb33000 	/System/Library/Frameworks/ApplicationServices.framework/Versions/A/Frameworks/ATS.framework/Versions/A/Resources/libFontRegistry.dylib
0x000000000bb33000 	/System/Library/PrivateFrameworks/AppleVPA.framework/Versions/A/AppleVPA
0x000000000bb33000 	/System/Library/PrivateFrameworks/AppleJPEG.framework/Versions/A/AppleJPEG
0x000000000bb33000 	/System/Library/Frameworks/ImageIO.framework/Versions/A/Resources/libJPEG.dylib
0x000000000bb33000 	/System/Library/Frameworks/ImageIO.framework/Versions/A/Resources/libTIFF.dylib
0x000000000bb33000 	/System/Library/Frameworks/ImageIO.framework/Versions/A/Resources/libPng.dylib
0x000000000bb33000 	/System/Library/Frameworks/ImageIO.framework/Versions/A/Resources/libGIF.dylib
0x000000000bb33000 	/System/Library/Frameworks/ImageIO.framework/Versions/A/Resources/libJP2.dylib
0x000000000bb33000 	/System/Library/Frameworks/ImageIO.framework/Versions/A/Resources/libRadiance.dylib
0x000000000bb33000 	/System/Library/Frameworks/CoreVideo.framework/Versions/A/CoreVideo
0x000000000bb33000 	/System/Library/Frameworks/OpenGL.framework/Versions/A/Libraries/libGLU.dylib
0x000000000bb33000 	/System/Library/Frameworks/OpenGL.framework/Versions/A/Libraries/libGFXShared.dylib
0x000000000bb33000 	/System/Library/Frameworks/OpenGL.framework/Versions/A/Libraries/libGL.dylib
0x000000000bb33000 	/System/Library/Frameworks/OpenGL.framework/Versions/A/Libraries/libGLImage.dylib
0x000000000bb33000 	/System/Library/Frameworks/OpenGL.framework/Versions/A/Libraries/libCVMSPluginSupport.dylib
0x000000000bb33000 	/System/Library/Frameworks/OpenGL.framework/Versions/A/Libraries/libCoreVMClient.dylib
0x000000000bb33000 	/usr/lib/libcups.2.dylib
0x000000000bb33000 	/System/Library/Frameworks/Kerberos.framework/Versions/A/Kerberos
0x000000000bb33000 	/System/Library/Frameworks/GSS.framework/Versions/A/GSS
0x000000000bb33000 	/usr/lib/libresolv.9.dylib
0x000000000bb33000 	/usr/lib/libiconv.2.dylib
0x000000000bb33000 	/System/Library/PrivateFrameworks/Heimdal.framework/Versions/A/Heimdal
0x000000000bb33000 	/usr/lib/libheimdal-asn1.dylib
0x000000000bb33000 	/System/Library/Frameworks/OpenDirectory.framework/Versions/A/OpenDirectory
0x000000000bb33000 	/System/Library/PrivateFrameworks/CommonAuth.framework/Versions/A/CommonAuth
0x000000000bb33000 	/System/Library/Frameworks/OpenDirectory.framework/Versions/A/Frameworks/CFOpenDirectory.framework/Versions/A/CFOpenDirectory
0x000000000bb33000 	/System/Library/Frameworks/SecurityFoundation.framework/Versions/A/SecurityFoundation
0x000000000bb33000 	/System/Library/PrivateFrameworks/LanguageModeling.framework/Versions/A/LanguageModeling
0x000000000bb33000 	/usr/lib/libcmph.dylib
0x000000000bb33000 	/System/Library/Frameworks/ServiceManagement.framework/Versions/A/ServiceManagement
0x000000000bb33000 	/usr/lib/libxslt.1.dylib
0x000000000bb33000 	/System/Library/Frameworks/Carbon.framework/Versions/A/Frameworks/Ink.framework/Versions/A/Ink
0x000000000bb33000 	/System/Library/Frameworks/QuartzCore.framework/Versions/A/Frameworks/CoreImage.framework/Versions/A/CoreImage
0x000000000bb33000 	/System/Library/PrivateFrameworks/CrashReporterSupport.framework/Versions/A/CrashReporterSupport
0x000000000bb33000 	/System/Library/Frameworks/OpenCL.framework/Versions/A/OpenCL
0x000000000bb33000 	/System/Library/PrivateFrameworks/FaceCore.framework/Versions/A/FaceCore
0x000000000bb33000 	/System/Library/PrivateFrameworks/Ubiquity.framework/Versions/A/Ubiquity
0x000000000bb33000 	/System/Library/PrivateFrameworks/IconServices.framework/Versions/A/IconServices
0x000000000bb33000 	/System/Library/PrivateFrameworks/ChunkingLibrary.framework/Versions/A/ChunkingLibrary
0x000000000bb33000 	/System/Library/PrivateFrameworks/Apple80211.framework/Versions/A/Apple80211
0x000000000bb33000 	/System/Library/Frameworks/CoreWLAN.framework/Versions/A/CoreWLAN
0x000000000bb33000 	/System/Library/Frameworks/IOBluetooth.framework/Versions/A/IOBluetooth
0x000000000bb33000 	/System/Library/PrivateFrameworks/CoreWiFi.framework/Versions/A/CoreWiFi
0x000000000bb33000 	/System/Library/Frameworks/CoreBluetooth.framework/Versions/A/CoreBluetooth
0x000000000bb33000 	/System/Library/PrivateFrameworks/DebugSymbols.framework/Versions/A/DebugSymbols
0x000000000bb33000 	/System/Library/PrivateFrameworks/CoreSymbolication.framework/Versions/A/CoreSymbolication
0x000000000bb33000 	/System/Library/PrivateFrameworks/Symbolication.framework/Versions/A/Symbolication
0x000000000bb33000 	/System/Library/PrivateFrameworks/SpeechRecognitionCore.framework/Versions/A/SpeechRecognitionCore
0x000000010dc00000 	/Library/Java/JavaVirtualMachines/jdk1.8.0_51.jdk/Contents/Home/jre/lib/server/libjvm.dylib
0x000000000bb33000 	/usr/lib/libstdc++.6.dylib
0x000000010cbb5000 	/Library/Java/JavaVirtualMachines/jdk1.8.0_51.jdk/Contents/Home/jre/lib/libverify.dylib
0x000000010cbc3000 	/Library/Java/JavaVirtualMachines/jdk1.8.0_51.jdk/Contents/Home/jre/lib/libjava.dylib
0x000000010ec6c000 	/Library/Java/JavaVirtualMachines/jdk1.8.0_51.jdk/Contents/Home/jre/lib/libjdwp.dylib
0x000000010cbf9000 	/Library/Java/JavaVirtualMachines/jdk1.8.0_51.jdk/Contents/Home/jre/lib/libnpt.dylib
0x000000010ecbf000 	/Library/Java/JavaVirtualMachines/jdk1.8.0_51.jdk/Contents/Home/jre/lib/libzip.dylib
0x000000012a89f000 	/System/Library/Frameworks/JavaVM.framework/Frameworks/JavaRuntimeSupport.framework/JavaRuntimeSupport
0x000000012a8b5000 	/System/Library/Frameworks/JavaVM.framework/Versions/A/Frameworks/JavaNativeFoundation.framework/Versions/A/JavaNativeFoundation
0x000000012a8c9000 	/System/Library/Frameworks/JavaVM.framework/Versions/A/JavaVM
0x000000000bb33000 	/System/Library/Frameworks/Carbon.framework/Versions/A/Carbon
0x000000012a8d5000 	/System/Library/PrivateFrameworks/JavaLaunching.framework/Versions/A/JavaLaunching
0x000000000bb33000 	/System/Library/Frameworks/Carbon.framework/Versions/A/Frameworks/CommonPanels.framework/Versions/A/CommonPanels
0x000000000bb33000 	/System/Library/Frameworks/Carbon.framework/Versions/A/Frameworks/Help.framework/Versions/A/Help
0x000000000bb33000 	/System/Library/Frameworks/Carbon.framework/Versions/A/Frameworks/ImageCapture.framework/Versions/A/ImageCapture
0x000000000bb33000 	/System/Library/Frameworks/Carbon.framework/Versions/A/Frameworks/OpenScripting.framework/Versions/A/OpenScripting
0x000000000bb33000 	/System/Library/Frameworks/Carbon.framework/Versions/A/Frameworks/Print.framework/Versions/A/Print
0x000000000bb33000 	/System/Library/Frameworks/Carbon.framework/Versions/A/Frameworks/SecurityHI.framework/Versions/A/SecurityHI
0x000000012c2bf000 	/Library/Java/JavaVirtualMachines/jdk1.8.0_51.jdk/Contents/Home/jre/lib/libdt_socket.dylib

VM Arguments:
jvm_args: -agentlib:jdwp=transport=dt_socket,address=127.0.0.1:50113,suspend=y,server=n -Dfile.encoding=UTF-8 
java_command: com.interviews.GreyOrange
java_class_path (initial): /Library/Java/JavaVirtualMachines/jdk1.8.0_51.jdk/Contents/Home/jre/lib/charsets.jar:/Library/Java/JavaVirtualMachines/jdk1.8.0_51.jdk/Contents/Home/jre/lib/deploy.jar:/Library/Java/JavaVirtualMachines/jdk1.8.0_51.jdk/Contents/Home/jre/lib/ext/cldrdata.jar:/Library/Java/JavaVirtualMachines/jdk1.8.0_51.jdk/Contents/Home/jre/lib/ext/dnsns.jar:/Library/Java/JavaVirtualMachines/jdk1.8.0_51.jdk/Contents/Home/jre/lib/ext/jfxrt.jar:/Library/Java/JavaVirtualMachines/jdk1.8.0_51.jdk/Contents/Home/jre/lib/ext/localedata.jar:/Library/Java/JavaVirtualMachines/jdk1.8.0_51.jdk/Contents/Home/jre/lib/ext/nashorn.jar:/Library/Java/JavaVirtualMachines/jdk1.8.0_51.jdk/Contents/Home/jre/lib/ext/sunec.jar:/Library/Java/JavaVirtualMachines/jdk1.8.0_51.jdk/Contents/Home/jre/lib/ext/sunjce_provider.jar:/Library/Java/JavaVirtualMachines/jdk1.8.0_51.jdk/Contents/Home/jre/lib/ext/sunpkcs11.jar:/Library/Java/JavaVirtualMachines/jdk1.8.0_51.jdk/Contents/Home/jre/lib/ext/zipfs.jar:/Library/Java/JavaVirtualMachines/jdk1.8.0_51.jdk/Contents/Home/jre/lib/javaws.jar:/Library/Java/JavaVirtualMachines/jdk1.8.0_51.jdk/Contents/Home/jre/lib/jce.jar:/Library/Java/JavaVirtualMachines/jdk1.8.0_51.jdk/Contents/Home/jre/lib/jfr.jar:/Library/Java/JavaVirtualMachines/jdk1.8.0_51.jdk/Contents/Home/jre/lib/jfxswt.jar:/Library/Java/JavaVirtualMachines/jdk1.8.0_51.jdk/Contents/Home/jre/lib/jsse.jar:/Library/Java/JavaVirtualMachines/jdk1.8.0_51.jdk/Contents/Home/jre/lib/management-agent.jar:/Library/Java/JavaVirtualMachines/jdk1.8.0_51.jdk/Contents/Home/jre/lib/plugin.jar:/Library/Java/JavaVirtualMachines/jdk1.8.0_51.jdk/Contents/Home/jre/lib/resources.jar:/Library/Java/JavaVirtualMachines/jdk1.8.0_51.jdk/Contents/Home/jre/lib/rt.jar:/Library/Java/JavaVirtualMachines/jdk1.8.0_51.jdk/Contents/Home/lib/ant-javafx.jar:/Library/Java/JavaVirtualMachines/jdk1.8.0_51.jdk/Contents/Home/lib/dt.jar:/Library/Java/JavaVirtualMachines/jdk1.8.0_51.jdk/Contents/Home/lib/javafx-mx.jar:/Library/Java/Jav
Launcher Type: SUN_STANDARD

Environment Variables:
PATH=/usr/local/bin:/usr/bin:/bin:/usr/sbin:/sbin
SHELL=/bin/zsh

Signal Handlers:
SIGSEGV: [libjvm.dylib+0x58ef35], sa_mask[0]=11111111011111110111111111111111, sa_flags=SA_ONSTACK|SA_RESTART|SA_SIGINFO
SIGBUS: [libjvm.dylib+0x58ef35], sa_mask[0]=11111111011111110111111111111111, sa_flags=SA_RESTART|SA_SIGINFO
SIGFPE: [libjvm.dylib+0x46c028], sa_mask[0]=11111111011111110111111111111111, sa_flags=SA_RESTART|SA_SIGINFO
SIGPIPE: [libjvm.dylib+0x46c028], sa_mask[0]=11111111011111110111111111111111, sa_flags=SA_RESTART|SA_SIGINFO
SIGXFSZ: [libjvm.dylib+0x46c028], sa_mask[0]=11111111011111110111111111111111, sa_flags=SA_RESTART|SA_SIGINFO
SIGILL: [libjvm.dylib+0x46c028], sa_mask[0]=11111111011111110111111111111111, sa_flags=SA_RESTART|SA_SIGINFO
SIGUSR1: SIG_DFL, sa_mask[0]=00000000000000000000000000000000, sa_flags=none
SIGUSR2: [libjvm.dylib+0x46bb46], sa_mask[0]=00100000000000000000000000000000, sa_flags=SA_RESTART|SA_SIGINFO
SIGHUP: [libjvm.dylib+0x46a119], sa_mask[0]=11111111011111110111111111111111, sa_flags=SA_RESTART|SA_SIGINFO
SIGINT: [libjvm.dylib+0x46a119], sa_mask[0]=11111111011111110111111111111111, sa_flags=SA_RESTART|SA_SIGINFO
SIGTERM: [libjvm.dylib+0x46a119], sa_mask[0]=11111111011111110111111111111111, sa_flags=SA_RESTART|SA_SIGINFO
SIGQUIT: [libjvm.dylib+0x46a119], sa_mask[0]=11111111011111110111111111111111, sa_flags=SA_RESTART|SA_SIGINFO


---------------  S Y S T E M  ---------------

OS:Bsduname:Darwin 14.5.0 Darwin Kernel Version 14.5.0: Tue Sep  1 21:23:09 PDT 2015; root:xnu-2782.50.1~1/RELEASE_X86_64 x86_64
rlimit: STACK 8192k, CORE 0k, NPROC 709, NOFILE 10240, AS infinity
load average:2.21 2.70 2.53

CPU:total 8 (4 cores per cpu, 2 threads per core) family 6 model 70 stepping 1, cmov, cx8, fxsr, mmx, sse, sse2, sse3, ssse3, sse4.1, sse4.2, popcnt, avx, avx2, aes, clmul, erms, lzcnt, ht, tsc, tscinvbit, bmi1, bmi2

Memory: 4k page, physical 16777216k(121984k free)

/proc/meminfo:


vm_info: Java HotSpot(TM) 64-Bit Server VM (25.51-b03) for bsd-amd64 JRE (1.8.0_51-b16), built on Jun  8 2015 18:01:11 by "java_re" with gcc 4.2.1 (Based on Apple Inc. build 5658) (LLVM build 2336.11.00)

time: Wed Jul 20 23:59:51 2016
elapsed time: 609 seconds (0d 0h 10m 9s)

